<?xml version="1.0" encoding="UTF-8"?>
<testng-results ignored="0" total="1" passed="0" failed="0" skipped="1">
  <reporter-output>
  </reporter-output>
  <suite started-at="2022-06-07T15:36:19 IST" name="Default suite" finished-at="2022-06-07T15:36:21 IST" duration-ms="2559">
    <groups>
    </groups>
    <test started-at="2022-06-07T15:36:19 IST" name="Default test" finished-at="2022-06-07T15:36:21 IST" duration-ms="2559">
      <class name="instaPack.InstaTC">
        <test-method is-config="true" signature="lauchBrowser()[pri:0, instance:instaPack.InstaTC@2667f029]" started-at="2022-06-07T15:36:19 IST" name="lauchBrowser" finished-at="2022-06-07T15:36:21 IST" duration-ms="2460" status="FAIL">
          <exception class="org.openqa.selenium.SessionNotCreatedException">
            <message>
              <![CDATA[session not created: This version of ChromeDriver only supports Chrome version 100
Current browser version is 102.0.5005.63 with binary path C:\Program Files (x86)\Google\Chrome\Application\chrome.exe
Build info: version: '3.141.59', revision: 'e82be7d358', time: '2018-11-14T08:17:03'
System info: host: 'DESKTOP-PSNV2LH', ip: '192.168.137.1', os.name: 'Windows 11', os.arch: 'amd64', os.version: '10.0', java.version: '17.0.2'
Driver info: driver.version: ChromeDriver
remote stacktrace: Backtrace:
Ordinal0 [0x00B87413+2389011]
Ordinal0 [0x00B19F61+1941345]
Ordinal0 [0x00A0C658+837208]
Ordinal0 [0x00A2C773+968563]
Ordinal0 [0x00A2837A+951162]
Ordinal0 [0x00A25C51+941137]
Ordinal0 [0x00A58C80+1150080]
Ordinal0 [0x00A588DA+1149146]
Ordinal0 [0x00A53F66+1130342]
Ordinal0 [0x00A2E546+976198]
Ordinal0 [0x00A2F456+980054]
GetHandleVerifier [0x00D39632+1727522]
GetHandleVerifier [0x00DEBA4D+2457661]
GetHandleVerifier [0x00C1EB81+569713]
GetHandleVerifier [0x00C1DD76+566118]
Ordinal0 [0x00B20B2B+1968939]
Ordinal0 [0x00B25988+1989000]
Ordinal0 [0x00B25A75+1989237]
Ordinal0 [0x00B2ECB1+2026673]
BaseThreadInitThunk [0x762D6739+25]
RtlGetFullPathName_UEx [0x77C68FEF+1215]
RtlGetFullPathName_UEx [0x77C68FBD+1165]
]]>
            </message>
            <full-stacktrace>
              <![CDATA[org.openqa.selenium.SessionNotCreatedException: session not created: This version of ChromeDriver only supports Chrome version 100
Current browser version is 102.0.5005.63 with binary path C:\Program Files (x86)\Google\Chrome\Application\chrome.exe
Build info: version: '3.141.59', revision: 'e82be7d358', time: '2018-11-14T08:17:03'
System info: host: 'DESKTOP-PSNV2LH', ip: '192.168.137.1', os.name: 'Windows 11', os.arch: 'amd64', os.version: '10.0', java.version: '17.0.2'
Driver info: driver.version: ChromeDriver
remote stacktrace: Backtrace:
Ordinal0 [0x00B87413+2389011]
Ordinal0 [0x00B19F61+1941345]
Ordinal0 [0x00A0C658+837208]
Ordinal0 [0x00A2C773+968563]
Ordinal0 [0x00A2837A+951162]
Ordinal0 [0x00A25C51+941137]
Ordinal0 [0x00A58C80+1150080]
Ordinal0 [0x00A588DA+1149146]
Ordinal0 [0x00A53F66+1130342]
Ordinal0 [0x00A2E546+976198]
Ordinal0 [0x00A2F456+980054]
GetHandleVerifier [0x00D39632+1727522]
GetHandleVerifier [0x00DEBA4D+2457661]
GetHandleVerifier [0x00C1EB81+569713]
GetHandleVerifier [0x00C1DD76+566118]
Ordinal0 [0x00B20B2B+1968939]
Ordinal0 [0x00B25988+1989000]
Ordinal0 [0x00B25A75+1989237]
Ordinal0 [0x00B2ECB1+2026673]
BaseThreadInitThunk [0x762D6739+25]
RtlGetFullPathName_UEx [0x77C68FEF+1215]
RtlGetFullPathName_UEx [0x77C68FBD+1165]

at java.base/jdk.internal.reflect.NativeConstructorAccessorImpl.newInstance0(Native Method)
at java.base/jdk.internal.reflect.NativeConstructorAccessorImpl.newInstance(NativeConstructorAccessorImpl.java:77)
at java.base/jdk.internal.reflect.DelegatingConstructorAccessorImpl.newInstance(DelegatingConstructorAccessorImpl.java:45)
at java.base/java.lang.reflect.Constructor.newInstanceWithCaller(Constructor.java:499)
at java.base/java.lang.reflect.Constructor.newInstance(Constructor.java:480)
at org.openqa.selenium.remote.W3CHandshakeResponse.lambda$errorHandler$0(W3CHandshakeResponse.java:62)
at org.openqa.selenium.remote.HandshakeResponse.lambda$getResponseFunction$0(HandshakeResponse.java:30)
at org.openqa.selenium.remote.ProtocolHandshake.lambda$createSession$0(ProtocolHandshake.java:126)
at java.base/java.util.stream.ReferencePipeline$3$1.accept(ReferencePipeline.java:197)
at java.base/java.util.Spliterators$ArraySpliterator.tryAdvance(Spliterators.java:1002)
at java.base/java.util.stream.ReferencePipeline.forEachWithCancel(ReferencePipeline.java:129)
at java.base/java.util.stream.AbstractPipeline.copyIntoWithCancel(AbstractPipeline.java:527)
at java.base/java.util.stream.AbstractPipeline.copyInto(AbstractPipeline.java:513)
at java.base/java.util.stream.AbstractPipeline.wrapAndCopyInto(AbstractPipeline.java:499)
at java.base/java.util.stream.FindOps$FindOp.evaluateSequential(FindOps.java:150)
at java.base/java.util.stream.AbstractPipeline.evaluate(AbstractPipeline.java:234)
at java.base/java.util.stream.ReferencePipeline.findFirst(ReferencePipeline.java:647)
at org.openqa.selenium.remote.ProtocolHandshake.createSession(ProtocolHandshake.java:128)
at org.openqa.selenium.remote.ProtocolHandshake.createSession(ProtocolHandshake.java:74)
at org.openqa.selenium.remote.HttpCommandExecutor.execute(HttpCommandExecutor.java:136)
at org.openqa.selenium.remote.service.DriverCommandExecutor.execute(DriverCommandExecutor.java:83)
at org.openqa.selenium.remote.RemoteWebDriver.execute(RemoteWebDriver.java:552)
at org.openqa.selenium.remote.RemoteWebDriver.startSession(RemoteWebDriver.java:213)
at org.openqa.selenium.remote.RemoteWebDriver.<init>(RemoteWebDriver.java:131)
at org.openqa.selenium.chrome.ChromeDriver.<init>(ChromeDriver.java:181)
at org.openqa.selenium.chrome.ChromeDriver.<init>(ChromeDriver.java:168)
at org.openqa.selenium.chrome.ChromeDriver.<init>(ChromeDriver.java:157)
at instaPack.InstaTC.lauchBrowser(InstaTC.java:38)
at java.base/jdk.internal.reflect.NativeMethodAccessorImpl.invoke0(Native Method)
at java.base/jdk.internal.reflect.NativeMethodAccessorImpl.invoke(NativeMethodAccessorImpl.java:77)
at java.base/jdk.internal.reflect.DelegatingMethodAccessorImpl.invoke(DelegatingMethodAccessorImpl.java:43)
at java.base/java.lang.reflect.Method.invoke(Method.java:568)
at org.testng.internal.MethodInvocationHelper.invokeMethod(MethodInvocationHelper.java:133)
at org.testng.internal.MethodInvocationHelper.invokeMethodConsideringTimeout(MethodInvocationHelper.java:62)
at org.testng.internal.ConfigInvoker.invokeConfigurationMethod(ConfigInvoker.java:385)
at org.testng.internal.ConfigInvoker.invokeConfigurations(ConfigInvoker.java:321)
at org.testng.internal.TestMethodWorker.invokeBeforeClassMethods(TestMethodWorker.java:176)
at org.testng.internal.TestMethodWorker.run(TestMethodWorker.java:122)
at java.base/java.util.ArrayList.forEach(ArrayList.java:1511)
at org.testng.TestRunner.privateRun(TestRunner.java:794)
at org.testng.TestRunner.run(TestRunner.java:596)
at org.testng.SuiteRunner.runTest(SuiteRunner.java:377)
at org.testng.SuiteRunner.runSequentially(SuiteRunner.java:371)
at org.testng.SuiteRunner.privateRun(SuiteRunner.java:332)
at org.testng.SuiteRunner.run(SuiteRunner.java:276)
at org.testng.SuiteRunnerWorker.runSuite(SuiteRunnerWorker.java:53)
at org.testng.SuiteRunnerWorker.run(SuiteRunnerWorker.java:96)
at org.testng.TestNG.runSuitesSequentially(TestNG.java:1212)
at org.testng.TestNG.runSuitesLocally(TestNG.java:1134)
at org.testng.TestNG.runSuites(TestNG.java:1063)
at org.testng.TestNG.run(TestNG.java:1031)
at org.testng.remote.AbstractRemoteTestNG.run(AbstractRemoteTestNG.java:115)
at org.testng.remote.RemoteTestNG.initAndRun(RemoteTestNG.java:251)
at org.testng.remote.RemoteTestNG.main(RemoteTestNG.java:77)
]]>
            </full-stacktrace>
          </exception> <!-- org.openqa.selenium.SessionNotCreatedException -->
          <reporter-output>
          </reporter-output>
        </test-method> <!-- lauchBrowser -->
        <test-method is-config="true" signature="loginToApplication()[pri:0, instance:instaPack.InstaTC@2667f029]" started-at="2022-06-07T15:36:21 IST" name="loginToApplication" finished-at="1970-01-01T05:30:00 IST" duration-ms="-1654596381757" status="SKIP">
          <reporter-output>
          </reporter-output>
        </test-method> <!-- loginToApplication -->
        <test-method signature="sendMessage()[pri:0, instance:instaPack.InstaTC@2667f029]" started-at="2022-06-07T15:36:21 IST" name="sendMessage" finished-at="2022-06-07T15:36:21 IST" duration-ms="1" status="SKIP">
          <exception class="org.openqa.selenium.SessionNotCreatedException">
            <message>
              <![CDATA[session not created: This version of ChromeDriver only supports Chrome version 100
Current browser version is 102.0.5005.63 with binary path C:\Program Files (x86)\Google\Chrome\Application\chrome.exe
Build info: version: '3.141.59', revision: 'e82be7d358', time: '2018-11-14T08:17:03'
System info: host: 'DESKTOP-PSNV2LH', ip: '192.168.137.1', os.name: 'Windows 11', os.arch: 'amd64', os.version: '10.0', java.version: '17.0.2'
Driver info: driver.version: ChromeDriver
remote stacktrace: Backtrace:
Ordinal0 [0x00B87413+2389011]
Ordinal0 [0x00B19F61+1941345]
Ordinal0 [0x00A0C658+837208]
Ordinal0 [0x00A2C773+968563]
Ordinal0 [0x00A2837A+951162]
Ordinal0 [0x00A25C51+941137]
Ordinal0 [0x00A58C80+1150080]
Ordinal0 [0x00A588DA+1149146]
Ordinal0 [0x00A53F66+1130342]
Ordinal0 [0x00A2E546+976198]
Ordinal0 [0x00A2F456+980054]
GetHandleVerifier [0x00D39632+1727522]
GetHandleVerifier [0x00DEBA4D+2457661]
GetHandleVerifier [0x00C1EB81+569713]
GetHandleVerifier [0x00C1DD76+566118]
Ordinal0 [0x00B20B2B+1968939]
Ordinal0 [0x00B25988+1989000]
Ordinal0 [0x00B25A75+1989237]
Ordinal0 [0x00B2ECB1+2026673]
BaseThreadInitThunk [0x762D6739+25]
RtlGetFullPathName_UEx [0x77C68FEF+1215]
RtlGetFullPathName_UEx [0x77C68FBD+1165]
]]>
            </message>
            <full-stacktrace>
              <![CDATA[org.openqa.selenium.SessionNotCreatedException: session not created: This version of ChromeDriver only supports Chrome version 100
Current browser version is 102.0.5005.63 with binary path C:\Program Files (x86)\Google\Chrome\Application\chrome.exe
Build info: version: '3.141.59', revision: 'e82be7d358', time: '2018-11-14T08:17:03'
System info: host: 'DESKTOP-PSNV2LH', ip: '192.168.137.1', os.name: 'Windows 11', os.arch: 'amd64', os.version: '10.0', java.version: '17.0.2'
Driver info: driver.version: ChromeDriver
remote stacktrace: Backtrace:
Ordinal0 [0x00B87413+2389011]
Ordinal0 [0x00B19F61+1941345]
Ordinal0 [0x00A0C658+837208]
Ordinal0 [0x00A2C773+968563]
Ordinal0 [0x00A2837A+951162]
Ordinal0 [0x00A25C51+941137]
Ordinal0 [0x00A58C80+1150080]
Ordinal0 [0x00A588DA+1149146]
Ordinal0 [0x00A53F66+1130342]
Ordinal0 [0x00A2E546+976198]
Ordinal0 [0x00A2F456+980054]
GetHandleVerifier [0x00D39632+1727522]
GetHandleVerifier [0x00DEBA4D+2457661]
GetHandleVerifier [0x00C1EB81+569713]
GetHandleVerifier [0x00C1DD76+566118]
Ordinal0 [0x00B20B2B+1968939]
Ordinal0 [0x00B25988+1989000]
Ordinal0 [0x00B25A75+1989237]
Ordinal0 [0x00B2ECB1+2026673]
BaseThreadInitThunk [0x762D6739+25]
RtlGetFullPathName_UEx [0x77C68FEF+1215]
RtlGetFullPathName_UEx [0x77C68FBD+1165]

at java.base/jdk.internal.reflect.NativeConstructorAccessorImpl.newInstance0(Native Method)
at java.base/jdk.internal.reflect.NativeConstructorAccessorImpl.newInstance(NativeConstructorAccessorImpl.java:77)
at java.base/jdk.internal.reflect.DelegatingConstructorAccessorImpl.newInstance(DelegatingConstructorAccessorImpl.java:45)
at java.base/java.lang.reflect.Constructor.newInstanceWithCaller(Constructor.java:499)
at java.base/java.lang.reflect.Constructor.newInstance(Constructor.java:480)
at org.openqa.selenium.remote.W3CHandshakeResponse.lambda$errorHandler$0(W3CHandshakeResponse.java:62)
at org.openqa.selenium.remote.HandshakeResponse.lambda$getResponseFunction$0(HandshakeResponse.java:30)
at org.openqa.selenium.remote.ProtocolHandshake.lambda$createSession$0(ProtocolHandshake.java:126)
at java.base/java.util.stream.ReferencePipeline$3$1.accept(ReferencePipeline.java:197)
at java.base/java.util.Spliterators$ArraySpliterator.tryAdvance(Spliterators.java:1002)
at java.base/java.util.stream.ReferencePipeline.forEachWithCancel(ReferencePipeline.java:129)
at java.base/java.util.stream.AbstractPipeline.copyIntoWithCancel(AbstractPipeline.java:527)
at java.base/java.util.stream.AbstractPipeline.copyInto(AbstractPipeline.java:513)
at java.base/java.util.stream.AbstractPipeline.wrapAndCopyInto(AbstractPipeline.java:499)
at java.base/java.util.stream.FindOps$FindOp.evaluateSequential(FindOps.java:150)
at java.base/java.util.stream.AbstractPipeline.evaluate(AbstractPipeline.java:234)
at java.base/java.util.stream.ReferencePipeline.findFirst(ReferencePipeline.java:647)
at org.openqa.selenium.remote.ProtocolHandshake.createSession(ProtocolHandshake.java:128)
at org.openqa.selenium.remote.ProtocolHandshake.createSession(ProtocolHandshake.java:74)
at org.openqa.selenium.remote.HttpCommandExecutor.execute(HttpCommandExecutor.java:136)
at org.openqa.selenium.remote.service.DriverCommandExecutor.execute(DriverCommandExecutor.java:83)
at org.openqa.selenium.remote.RemoteWebDriver.execute(RemoteWebDriver.java:552)
at org.openqa.selenium.remote.RemoteWebDriver.startSession(RemoteWebDriver.java:213)
at org.openqa.selenium.remote.RemoteWebDriver.<init>(RemoteWebDriver.java:131)
at org.openqa.selenium.chrome.ChromeDriver.<init>(ChromeDriver.java:181)
at org.openqa.selenium.chrome.ChromeDriver.<init>(ChromeDriver.java:168)
at org.openqa.selenium.chrome.ChromeDriver.<init>(ChromeDriver.java:157)
at instaPack.InstaTC.lauchBrowser(InstaTC.java:38)
at java.base/jdk.internal.reflect.NativeMethodAccessorImpl.invoke0(Native Method)
at java.base/jdk.internal.reflect.NativeMethodAccessorImpl.invoke(NativeMethodAccessorImpl.java:77)
at java.base/jdk.internal.reflect.DelegatingMethodAccessorImpl.invoke(DelegatingMethodAccessorImpl.java:43)
at java.base/java.lang.reflect.Method.invoke(Method.java:568)
at org.testng.internal.MethodInvocationHelper.invokeMethod(MethodInvocationHelper.java:133)
at org.testng.internal.MethodInvocationHelper.invokeMethodConsideringTimeout(MethodInvocationHelper.java:62)
at org.testng.internal.ConfigInvoker.invokeConfigurationMethod(ConfigInvoker.java:385)
at org.testng.internal.ConfigInvoker.invokeConfigurations(ConfigInvoker.java:321)
at org.testng.internal.TestMethodWorker.invokeBeforeClassMethods(TestMethodWorker.java:176)
at org.testng.internal.TestMethodWorker.run(TestMethodWorker.java:122)
at java.base/java.util.ArrayList.forEach(ArrayList.java:1511)
at org.testng.TestRunner.privateRun(TestRunner.java:794)
at org.testng.TestRunner.run(TestRunner.java:596)
at org.testng.SuiteRunner.runTest(SuiteRunner.java:377)
at org.testng.SuiteRunner.runSequentially(SuiteRunner.java:371)
at org.testng.SuiteRunner.privateRun(SuiteRunner.java:332)
at org.testng.SuiteRunner.run(SuiteRunner.java:276)
at org.testng.SuiteRunnerWorker.runSuite(SuiteRunnerWorker.java:53)
at org.testng.SuiteRunnerWorker.run(SuiteRunnerWorker.java:96)
at org.testng.TestNG.runSuitesSequentially(TestNG.java:1212)
at org.testng.TestNG.runSuitesLocally(TestNG.java:1134)
at org.testng.TestNG.runSuites(TestNG.java:1063)
at org.testng.TestNG.run(TestNG.java:1031)
at org.testng.remote.AbstractRemoteTestNG.run(AbstractRemoteTestNG.java:115)
at org.testng.remote.RemoteTestNG.initAndRun(RemoteTestNG.java:251)
at org.testng.remote.RemoteTestNG.main(RemoteTestNG.java:77)
]]>
            </full-stacktrace>
          </exception> <!-- org.openqa.selenium.SessionNotCreatedException -->
          <reporter-output>
          </reporter-output>
        </test-method> <!-- sendMessage -->
        <test-method is-config="true" signature="logoutFromApplication()[pri:0, instance:instaPack.InstaTC@2667f029]" started-at="2022-06-07T15:36:21 IST" name="logoutFromApplication" finished-at="1970-01-01T05:30:00 IST" duration-ms="-1654596381771" status="SKIP">
          <reporter-output>
          </reporter-output>
        </test-method> <!-- logoutFromApplication -->
        <test-method is-config="true" signature="closeBrowser()[pri:0, instance:instaPack.InstaTC@2667f029]" started-at="2022-06-07T15:36:21 IST" name="closeBrowser" finished-at="1970-01-01T05:30:00 IST" duration-ms="-1654596381787" status="SKIP">
          <reporter-output>
          </reporter-output>
        </test-method> <!-- closeBrowser -->
      </class> <!-- instaPack.InstaTC -->
    </test> <!-- Default test -->
  </suite> <!-- Default suite -->
</testng-results>
